<?xml version="1.0" encoding="UTF-8"?>
<!-- Generated by org.testng.reporters.JUnitXMLReporter -->
<testsuite hostname="PC-2" name="test1" tests="9" failures="0" timestamp="12 Mar 2015 15:45:15 GMT" time="914.572" errors="0">
  <testcase name="browserSetup" time="5.686" classname="com.fisoc.admin.UploadTransactionBatchFileTest"/>
  <testcase name="adminLoginTest" time="131.484" classname="com.fisoc.admin.UploadTransactionBatchFileTest"/>
  <testcase name="browserClose" time="0.405" classname="com.fisoc.admin.UploadTransactionBatchFileTest"/>
  <testcase name="browserSetup" time="4.73" classname="com.fisoc.admin.AdminBrowseAllTransactionTest"/>
  <testcase name="adminBrowseAllTransaction" time="237.484" classname="com.fisoc.admin.AdminBrowseAllTransactionTest"/>
  <testcase name="browserClose" time="0.486" classname="com.fisoc.admin.AdminBrowseAllTransactionTest"/>
  <testcase name="browserSetup" time="7.127" classname="com.fisoc.admin.ManageMerchantRewardsTest"/>
  <testcase name="merchantRewardsTestPage" time="526.506" classname="com.fisoc.admin.ManageMerchantRewardsTest"/>
  <testcase name="browserClose" time="0.632" classname="com.fisoc.admin.ManageMerchantRewardsTest"/>
</testsuite> <!-- test1 -->
